android/N2/app/seeds.txt
com.example.ui.viewmodels.MatchAudioMode
com.example.ui.components.QrGenerator
com.example.ui.components.VoiceMessagePlayerKt
com.example.ui.screens.dialogs.RadioDialogKt$RadioDialog$lambda$101$lambda$100$lambda$99$lambda$46$lambda$45$lambda$44$$inlined$items$default$3
com.example.ui.screens.dialogs.RadioDialogKt$RadioDialog$2$1$1$10$3$1$1$1$1
com.example.ui.screens.GameScreenKt
com.example.ui.screens.chat.SimpleXChatScreenKt$SimpleXFullScreenChat$lambda$416$lambda$415$lambda$165$lambda$122$lambda$121$lambda$120$$inlined$items$default$2
com.example.ui.screens.dialogs.ComposableSingletons$RadioDialogKt
com.example.ui.GameViewModel$connectSimpleX$1$1
com.example.data.MessageFtsDao_Impl
com.example.protocols.NetworkAutoDetector$selectOptimalTransport$1
com.example.service.PushNotificationForegroundService$onCreate$2
com.example.ui.screens.chat.SimpleXChatScreenKt$SimpleXFullScreenChat$lambda$416$lambda$415$lambda$414$lambda$410$lambda$278$lambda$277$lambda$273$lambda$272$lambda$271$$inlined$items$default$2
com.example.ui.viewmodels.ProtocolViewModel$ChatMessage
com.example.ui.viewmodels.AudioViewModel$SimplexVoiceMessage
com.example.ui.viewmodels.ProtocolViewModel$triggerSimplexPeerTurn$1
com.example.ui.screens.GameScreenKt$GameScreen$lambda$187$lambda$186$lambda$185$lambda$178$lambda$177$lambda$176$$inlined$items$default$4
com.example.ui.components.GameNetworkPanelKt
com.example.protocols.ConfigField
com.example.ui.screens.GameScreenKt$GameScreen$2$1
com.example.ui.viewmodels.ProtocolViewModel$initTorP2PManager$1$1
com.example.ui.screens.SplashScreenKt$SplashScreen$1$1
com.example.ui.navigation.NavRoutes$ContactDetail
com.example.protocols.mesh.RoutingTable$Companion
com.example.data.FoxrayVpnConfig
com.example.BuildConfig
com.example.ui.navigation.DeepLinkHandler$DeepLinkType
com.example.ui.components.LazyChatListKt$LazyChatList$lambda$9$lambda$8$$inlined$items$default$3
com.example.data.ImageCacheManager$trimDisk$$inlined$sortedBy$1
com.example.ui.screens.PermissionsScreenKt
com.example.data.TypingIndicator
com.example.ui.screens.dashboard.DashboardScreenKt
com.example.service.PushNotificationForegroundService$connectWebSocket$2
com.example.ui.screens.settings.ProtocolSettingsScreenKt$MeshTab$lambda$39$lambda$38$$inlined$items$default$3
com.example.service.AppLogger
com.example.data.SearchFilterManager
com.example.ui.viewmodels.ProtocolViewModel$connectSimpleX$6$1
com.example.ui.screens.dialogs.RadioDialogKt$RadioDialog$lambda$101$lambda$100$lambda$99$lambda$46$lambda$45$lambda$44$$inlined$items$default$4
com.example.service.NotificationChannels
com.example.ui.screens.dialogs.RadioDialogKt$RadioDialog$lambda$101$lambda$100$lambda$99$lambda$46$lambda$45$lambda$44$$inlined$items$default$2
com.example.ui.screens.groups.ContactSelection
com.example.ui.screens.contacts.BlockListScreenKt$BlockListScreen$lambda$12$lambda$11$lambda$10$lambda$9$$inlined$items$default$3
com.example.ui.GameViewModel$startFullProtocolNode$1$2$1
com.example.protocols.storage.ArchiveCloud$periodicGc$$inlined$sortedBy$1
com.example.security.SecurityAudit$AuditReport
com.example.ui.GameViewModel$connectSimpleX$4$1
com.example.ui.GameViewModel$handlePointClicked$1
com.example.model.Move
com.example.protocols.FieldType
com.example.ui.GameViewModel$rollLot2$1
com.example.model.GameStatus
com.example.protocols.NetworkAutoDetector$measureTransportLatency$2
com.example.data.XFTPClient$connect$1
com.example.ui.navigation.NavigationActions
com.example.protocols.storage.ArchiveCloud$periodicGc$1
com.example.protocols.mesh.RoutingTable$findClosest$lambda$6$$inlined$sortedBy$1
com.example.ui.viewmodels.AudioViewModel$playVoiceMessage$3
com.example.data.AppResultKt
com.example.ui.components.EmojiCategory
com.example.data.ReactionManager
com.example.ui.components.GameSettingsState
com.example.ui.GameViewModel$triggerSimplexPeerTurn$1
...
androidx.compose.material3.TimePickerKt$TimeInputImpl$hourValue$2$1: androidx.compose.runtime.MutableState invoke()
androidx.compose.material.icons.sharp.ScaleKt: androidx.compose.ui.graphics.vector.ImageVector getScale(androidx.compose.material.icons.Icons$Sharp)
androidx.compose.foundation.layout.SiblingsAlignedNode$WithAlignmentLineNode: java.lang.Object modifyParentData(androidx.compose.ui.unit.Density,java.lang.Object)
org.torproject.android.binary.NativeLoader: boolean loadFromZip(android.content.Context,java.io.File,java.lang.String)
kotlinx.coroutines.channels.BufferedChannelKt: kotlinx.coroutines.internal.Symbol access$getRESUMING_BY_RCV$p()
com.google.firebase.encoders.ObjectEncoderContext: com.google.firebase.encoders.ObjectEncoderContext nested(com.google.firebase.encoders.FieldDescriptor)
androidx.compose.foundation.text.selection.SelectionManager_androidKt$selectionMagnifier$1$2$1$1: long invoke-tuRUvjQ(androidx.compose.ui.unit.Density)
androidx.compose.foundation.text.TextMeasurePolicy$measure$1: java.lang.Object invoke(java.lang.Object)
androidx.compose.material3.NavigationBarArrangement: int access$getEqualWeight$cp()
androidx.compose.ui.node.Owner: void onEndApplyChanges()
androidx.compose.ui.SessionMutex: java.lang.String toString()
androidx.compose.foundation.lazy.grid.LazyGridState: LazyGridState(int,int,androidx.compose.foundation.lazy.grid.LazyGridPrefetchStrategy)
androidx.navigation.NavDeepLink: java.util.Map access$parseQuery(androidx.navigation.NavDeepLink)
androidx.compose.foundation.lazy.layout.LazyLayoutItemAnimation: void setDisappearanceAnimationFinished(boolean)
androidx.compose.ui.input.key.Key: long access$getNumPad8$cp()
androidx.navigation.NavOptionsBuilder: void setPopUpToRouteClass(kotlin.reflect.KClass)
androidx.compose.ui.graphics.AndroidPath: android.graphics.Path getInternalPath()
com.google.zxing.common.detector.WhiteRectangleDetector: WhiteRectangleDetector(com.google.zxing.common.BitMatrix)
androidx.compose.ui.graphics.colorspace.Rgb$Companion: Rgb$Companion(kotlin.jvm.internal.DefaultConstructorMarker)
androidx.compose.ui.graphics.AndroidCanvas_androidKt: android.graphics.Canvas getNativeCanvas(androidx.compose.ui.graphics.Canvas)
androidx.compose.ui.layout.RootMeasurePolicy$measure$1: RootMeasurePolicy$measure$1()
androidx.compose.ui.draw.DrawWithCacheElement: androidx.compose.ui.draw.DrawWithCacheElement copy$default(androidx.compose.ui.draw.DrawWithCacheElement,kotlin.jvm.functions.Function1,int,java.lang.Object)
androidx.compose.foundation.text.input.internal.selection.TextFieldSelectionState: androidx.compose.ui.geometry.Rect access$getContentRect(androidx.compose.foundation.text.input.internal.selection.TextFieldSelectionState)
androidx.compose.material3.TimePickerKt$TimeInput$1: void invoke(androidx.compose.runtime.Composer,int)
androidx.camera.video.AutoValue_VideoSpec$Builder: androidx.camera.video.VideoSpec build()
androidx.compose.foundation.layout.DerivedWidthModifier$measure$2: void invoke(androidx.compose.ui.layout.Placeable$PlacementScope)
androidx.compose.material.ripple.StateLayer$handleInteraction$1: java.lang.Object invoke(kotlinx.coroutines.CoroutineScope,kotlin.coroutines.Continuation)
androidx.compose.ui.graphics.vector.PathNode$RelativeArcTo: PathNode$RelativeArcTo(float,float,float,boolean,boolean,float,float)
androidx.compose.foundation.lazy.layout.LazyLayoutItemContentFactory: androidx.compose.runtime.saveable.SaveableStateHolder access$getSaveableStateHolder$p(androidx.compose.foundation.lazy.layout.LazyLayoutItemContentFactory)
androidx.compose.ui.scrollcapture.ScrollCapture_androidKt: boolean getCanScrollVertically(androidx.compose.ui.semantics.SemanticsNode)