android/N2/app/unused.txt
com.example.DecoyCalculatorActivityKt$$InternalSyntheticLambda$1$cfc37d8be1c153ccf2a5e2ff1a214174853f012b5338f76e3310070f892c5a96$0:
    public final synthetic int f$0
com.example.DecoyCalculatorActivityKt$$InternalSyntheticLambda$1$cfc37d8be1c153ccf2a5e2ff1a214174853f012b5338f76e3310070f892c5a96$1:
    public final synthetic int f$2
com.example.MainActivity:
    static void <clinit>()
com.example.api.Candidate:
    static void <clinit>()
com.example.api.CandidateJsonAdapter:
    static void <clinit>()
com.example.api.Content:
    static void <clinit>()
com.example.api.ContentJsonAdapter:
    static void <clinit>()
com.example.api.GeminiJokeService:
    static void <clinit>()
com.example.api.GenerateContentRequest:
    static void <clinit>()
com.example.api.GenerateContentRequestJsonAdapter:
    static void <clinit>()
com.example.api.GenerateContentResponse:
    static void <clinit>()
com.example.api.GenerateContentResponseJsonAdapter:
    static void <clinit>()
com.example.api.Part:
    static void <clinit>()
com.example.api.PartJsonAdapter:
    static void <clinit>()
com.example.audio.AudioPlayer:
    static void <clinit>()
com.example.audio.DiceSoundPlayer:
    static void <clinit>()
com.example.audio.OnionStreamBridge:
    static void <clinit>()
com.example.audio.RadioManager:
    static void <clinit>()
com.example.audio.RadioUIState:
    static void <clinit>()
com.example.audio.StreamPlayer:
    static void <clinit>()
com.example.audio.models.LocalTrack:
    static void <clinit>()
com.example.audio.models.TelegramTrack:
    static void <clinit>()
com.example.data.AppDatabase_Impl:
    static void <clinit>()
com.example.data.AppException$CryptoException:
    static void <clinit>()
com.example.data.AppException$NetworkException:
    static void <clinit>()
com.example.data.AppException$NotFoundException:
    static void <clinit>()
com.example.data.AppException$ProtocolException:
    static void <clinit>()
com.example.data.AppException$StorageException:
    static void <clinit>()
com.example.data.AppException$TimeoutException:
    static void <clinit>()
com.example.data.AppException$UnauthorizedException:
    static void <clinit>()
com.example.data.AppException:
    static void <clinit>()
com.example.data.AppResult$Error:
    static void <clinit>()
com.example.data.AppResult$Success:
    static void <clinit>()
com.example.data.AppResult:
    static void <clinit>()
com.example.data.BandwidthMonitor$BandwidthStats:
    static void <clinit>()
com.example.data.BandwidthMonitor$Sample:
    static void <clinit>()
com.example.data.BandwidthMonitor:
    static void <clinit>()
com.example.data.BatteryAwareScheduler:
    static void <clinit>()
com.example.data.BridgeConfig:
    static void <clinit>()
com.example.data.ChainTestResult:
    static void <clinit>()
com.example.data.ContactExchangeManager:
    static void <clinit>()
com.example.data.ContactSettings:
    static void <clinit>()
com.example.data.ContactSettingsManager:
    static void <clinit>()
com.example.data.DecentralizedGroupState:
    static void <clinit>()
com.example.data.E2EESearchManager:
    static void <clinit>()
com.example.data.EncryptedDbHelper:
    static void <clinit>()
com.example.data.EncryptedDbHelperFactory:
    static void <clinit>()
com.example.data.FileTransferManager$FileToSend:
    static void <clinit>()
com.example.data.FileTransferManager$FileTransferProgress:
    static void <clinit>()
com.example.data.FileTransferManager:
    static void <clinit>()
com.example.data.ForwardedMessage:
    static void <clinit>()
com.example.data.FoxrayVpnConfig:
    static void <clinit>()
com.example.data.FoxrayVpnManager:
    static void <clinit>()
com.example.data.GroupMember:
    static void <clinit>()
com.example.data.GroupMessage:
    static void <clinit>()
com.example.data.GroupMessageRouter:
    static void <clinit>()
...
com.google.android.gms.internal.mlkit_vision_barcode_bundled.zzeu$$InternalSyntheticThrowCCEIfNotNull$10$6b59bbfff03f84b862d14b08a1164df7ce49921c07a348de3144ed8e87944d2e$0
com.google.android.gms.internal.mlkit_vision_barcode_bundled.zzeu
com.google.android.gms.internal.mlkit_vision_barcode_bundled.zzev
com.google.android.gms.internal.mlkit_vision_barcode_bundled.zzew
com.google.android.gms.internal.mlkit_vision_barcode_bundled.zzex
com.google.android.gms.internal.mlkit_vision_barcode_bundled.zzey
com.google.android.gms.internal.mlkit_vision_barcode_bundled.zzfa:
    public static final com.google.android.gms.internal.mlkit_vision_barcode_bundled.zzez zza
com.google.android.gms.internal.mlkit_vision_barcode_bundled.zzfb
com.google.android.gms.internal.mlkit_vision_barcode_bundled.zzfe:
    public static com.google.android.gms.internal.mlkit_vision_barcode_bundled.zzge zza()
com.google.android.gms.internal.mlkit_vision_barcode_bundled.zzff
com.google.android.gms.internal.mlkit_vision_barcode_bundled.zzfg:
    public static void zzd()
com.google.android.gms.internal.mlkit_vision_barcode_bundled.zzfi:
    public static final com.google.android.gms.internal.mlkit_vision_barcode_bundled.zzfh zza
com.google.android.gms.internal.mlkit_vision_barcode_bundled.zzfj:
    public abstract com.google.android.gms.internal.mlkit_vision_barcode_bundled.zzfm zza()
    public abstract boolean zzb()
    public abstract int zzc()
com.google.android.gms.internal.mlkit_vision_barcode_bundled.zzfl:
    public abstract com.google.android.gms.internal.mlkit_vision_barcode_bundled.zzfm zzj()
com.google.android.gms.internal.mlkit_vision_barcode_bundled.zzfm:
    public abstract int zzF()
    public abstract com.google.android.gms.internal.mlkit_vision_barcode_bundled.zzfl zzZ()
    public abstract com.google.android.gms.internal.mlkit_vision_barcode_bundled.zzfl zzaa()
    public abstract void zzab(com.google.android.gms.internal.mlkit_vision_barcode_bundled.zzdk)
com.google.android.gms.internal.mlkit_vision_barcode_bundled.zzfn:
    public abstract com.google.android.gms.internal.mlkit_vision_barcode_bundled.zzfm zzac()
com.google.android.gms.internal.mlkit_vision_barcode_bundled.zzfp$$InternalSyntheticThrowCCEIfNotNull$16$2127f627d3c8927a3071894aba51e46d059e13c565d60e6899d351fe0cfaca70$0
com.google.android.gms.internal.mlkit_vision_barcode_bundled.zzfp$$InternalSyntheticThrowCCEIfNotNull$47$0f1c987af662cc47541217654f86bfdf3feed0df9fd328670c6a7af281153a07$0
com.google.android.gms.internal.mlkit_vision_barcode_bundled.zzfp$$InternalSyntheticThrowCCEIfNotNull$53$6a462de82e2a0a8446e1b7491287c05ba38eb65a72b04efec18fe0f35da18c5a$0
com.google.android.gms.internal.mlkit_vision_barcode_bundled.zzfp$$InternalSyntheticThrowCCEIfNotNull$53$6a462de82e2a0a8446e1b7491287c05ba38eb65a72b04efec18fe0f35da18c5a$1
com.google.android.gms.internal.mlkit_vision_barcode_bundled.zzfp$$InternalSyntheticThrowCCEIfNotNull$53$6a462de82e2a0a8446e1b7491287c05ba38eb65a72b04efec18fe0f35da18c5a$2
com.google.android.gms.internal.mlkit_vision_barcode_bundled.zzfp$$InternalSyntheticThrowCCEIfNotNull$64$acc999c1803969256415be1aa6bf3b89eb7b14e16df85b07e83d8299056abe75$0
com.google.android.gms.internal.mlkit_vision_barcode_bundled.zzfp$$InternalSyntheticThrowCCEIfNotNull$64$acc999c1803969256415be1aa6bf3b89eb7b14e16df85b07e83d8299056abe75$10
com.google.android.gms.internal.mlkit_vision_barcode_bundled.zzfp$$InternalSyntheticThrowCCEIfNotNull$64$acc999c1803969256415be1aa6bf3b89eb7b14e16df85b07e83d8299056abe75$11
com.google.android.gms.internal.mlkit_vision_barcode_bundled.zzfp$$InternalSyntheticThrowCCEIfNotNull$64$acc999c1803969256415be1aa6bf3b89eb7b14e16df85b07e83d8299056abe75$1
com.google.android.gms.internal.mlkit_vision_barcode_bundled.zzfp$$InternalSyntheticThrowCCEIfNotNull$64$acc999c1803969256415be1aa6bf3b89eb7b14e16df85b07e83d8299056abe75$2